I, [2014-01-28T13:05:43.367817 #10430]  INFO -- : Started GET "/blog/new" for 127.0.0.1 at 2014-01-28 13:05:43 -0600
I, [2014-01-28T13:05:43.380071 #10430]  INFO -- : Processing by BlogsController#new as HTML
E, [2014-01-28T13:05:43.399782 #10430] ERROR -- : SQLite3::SQLException: no such table: users: SELECT  "users".* FROM "users"  WHERE "users"."id" = 3  ORDER BY "users"."id" ASC LIMIT 1
I, [2014-01-28T13:05:43.400085 #10430]  INFO -- : Completed 500 Internal Server Error in 20ms
F, [2014-01-28T13:05:43.403627 #10430] FATAL -- : 
ActiveRecord::StatementInvalid (SQLite3::SQLException: no such table: users: SELECT  "users".* FROM "users"  WHERE "users"."id" = 3  ORDER BY "users"."id" ASC LIMIT 1):
  sqlite3 (1.3.8) lib/sqlite3/database.rb:91:in `initialize'
  sqlite3 (1.3.8) lib/sqlite3/database.rb:91:in `new'
  sqlite3 (1.3.8) lib/sqlite3/database.rb:91:in `prepare'
  activerecord (4.0.2) lib/active_record/connection_adapters/sqlite3_adapter.rb:299:in `block in exec_query'
  activerecord (4.0.2) lib/active_record/connection_adapters/abstract_adapter.rb:435:in `block in log'
  activesupport (4.0.2) lib/active_support/notifications/instrumenter.rb:20:in `instrument'
  activerecord (4.0.2) lib/active_record/connection_adapters/abstract_adapter.rb:430:in `log'
  activerecord (4.0.2) lib/active_record/connection_adapters/sqlite3_adapter.rb:295:in `exec_query'
  activerecord (4.0.2) lib/active_record/connection_adapters/sqlite3_adapter.rb:507:in `select'
  activerecord (4.0.2) lib/active_record/connection_adapters/abstract/database_statements.rb:24:in `select_all'
  activerecord (4.0.2) lib/active_record/connection_adapters/abstract/query_cache.rb:61:in `block in select_all'
  activerecord (4.0.2) lib/active_record/connection_adapters/abstract/query_cache.rb:76:in `cache_sql'
  activerecord (4.0.2) lib/active_record/connection_adapters/abstract/query_cache.rb:61:in `select_all'
  activerecord (4.0.2) lib/active_record/querying.rb:36:in `find_by_sql'
  activerecord (4.0.2) lib/active_record/relation.rb:585:in `exec_queries'
  activerecord (4.0.2) lib/active_record/relation.rb:471:in `load'
  activerecord (4.0.2) lib/active_record/relation.rb:220:in `to_a'
  activerecord (4.0.2) lib/active_record/relation/finder_methods.rb:325:in `find_first'
  activerecord (4.0.2) lib/active_record/relation/finder_methods.rb:90:in `first'
  activerecord-deprecated_finders (1.0.3) lib/active_record/deprecated_finders/relation.rb:129:in `first'
  orm_adapter (0.5.0) lib/orm_adapter/adapters/active_record.rb:17:in `get'
  devise (3.2.2) lib/devise/models/authenticatable.rb:208:in `serialize_from_session'
  devise (3.2.2) lib/devise.rb:462:in `block (2 levels) in configure_warden!'
  warden (1.2.3) lib/warden/session_serializer.rb:34:in `fetch'
  warden (1.2.3) lib/warden/proxy.rb:212:in `user'
  warden (1.2.3) lib/warden/proxy.rb:318:in `_perform_authentication'
  warden (1.2.3) lib/warden/proxy.rb:127:in `authenticate!'
  devise (3.2.2) lib/devise/controllers/helpers.rb:50:in `authenticate_user!'
  activesupport (4.0.2) lib/active_support/callbacks.rb:407:in `_run__4327366443423649792__process_action__callbacks'
  activesupport (4.0.2) lib/active_support/callbacks.rb:80:in `run_callbacks'
  actionpack (4.0.2) lib/abstract_controller/callbacks.rb:17:in `process_action'
  actionpack (4.0.2) lib/action_controller/metal/rescue.rb:29:in `process_action'
  actionpack (4.0.2) lib/action_controller/metal/instrumentation.rb:31:in `block in process_action'
  activesupport (4.0.2) lib/active_support/notifications.rb:159:in `block in instrument'
  activesupport (4.0.2) lib/active_support/notifications/instrumenter.rb:20:in `instrument'
  activesupport (4.0.2) lib/active_support/notifications.rb:159:in `instrument'
  actionpack (4.0.2) lib/action_controller/metal/instrumentation.rb:30:in `process_action'
  actionpack (4.0.2) lib/action_controller/metal/params_wrapper.rb:245:in `process_action'
  activerecord (4.0.2) lib/active_record/railties/controller_runtime.rb:18:in `process_action'
  actionpack (4.0.2) lib/abstract_controller/base.rb:136:in `process'
  actionpack (4.0.2) lib/abstract_controller/rendering.rb:44:in `process'
  actionpack (4.0.2) lib/action_controller/metal.rb:195:in `dispatch'
  actionpack (4.0.2) lib/action_controller/metal/rack_delegation.rb:13:in `dispatch'
  actionpack (4.0.2) lib/action_controller/metal.rb:231:in `block in action'
  actionpack (4.0.2) lib/action_dispatch/routing/route_set.rb:80:in `call'
  actionpack (4.0.2) lib/action_dispatch/routing/route_set.rb:80:in `dispatch'
  actionpack (4.0.2) lib/action_dispatch/routing/route_set.rb:48:in `call'
  actionpack (4.0.2) lib/action_dispatch/journey/router.rb:71:in `block in call'
  actionpack (4.0.2) lib/action_dispatch/journey/router.rb:59:in `each'
  actionpack (4.0.2) lib/action_dispatch/journey/router.rb:59:in `call'
  actionpack (4.0.2) lib/action_dispatch/routing/route_set.rb:680:in `call'
  warden (1.2.3) lib/warden/manager.rb:35:in `block in call'
  warden (1.2.3) lib/warden/manager.rb:34:in `catch'
  warden (1.2.3) lib/warden/manager.rb:34:in `call'
  rack (1.5.2) lib/rack/etag.rb:23:in `call'
  rack (1.5.2) lib/rack/conditionalget.rb:25:in `call'
  rack (1.5.2) lib/rack/head.rb:11:in `call'
  actionpack (4.0.2) lib/action_dispatch/middleware/params_parser.rb:27:in `call'
  actionpack (4.0.2) lib/action_dispatch/middleware/flash.rb:241:in `call'
  rack (1.5.2) lib/rack/session/abstract/id.rb:225:in `context'
  rack (1.5.2) lib/rack/session/abstract/id.rb:220:in `call'
  actionpack (4.0.2) lib/action_dispatch/middleware/cookies.rb:486:in `call'
  activerecord (4.0.2) lib/active_record/query_cache.rb:36:in `call'
  activerecord (4.0.2) lib/active_record/connection_adapters/abstract/connection_pool.rb:626:in `call'
  actionpack (4.0.2) lib/action_dispatch/middleware/callbacks.rb:29:in `block in call'
  activesupport (4.0.2) lib/active_support/callbacks.rb:373:in `_run__2337920985670486626__call__callbacks'
  activesupport (4.0.2) lib/active_support/callbacks.rb:80:in `run_callbacks'
  actionpack (4.0.2) lib/action_dispatch/middleware/callbacks.rb:27:in `call'
  actionpack (4.0.2) lib/action_dispatch/middleware/remote_ip.rb:76:in `call'
  actionpack (4.0.2) lib/action_dispatch/middleware/debug_exceptions.rb:17:in `call'
  actionpack (4.0.2) lib/action_dispatch/middleware/show_exceptions.rb:30:in `call'
  railties (4.0.2) lib/rails/rack/logger.rb:38:in `call_app'
  railties (4.0.2) lib/rails/rack/logger.rb:20:in `block in call'
  activesupport (4.0.2) lib/active_support/tagged_logging.rb:67:in `block in tagged'
  activesupport (4.0.2) lib/active_support/tagged_logging.rb:25:in `tagged'
  activesupport (4.0.2) lib/active_support/tagged_logging.rb:67:in `tagged'
  railties (4.0.2) lib/rails/rack/logger.rb:20:in `call'
  actionpack (4.0.2) lib/action_dispatch/middleware/request_id.rb:21:in `call'
  rack (1.5.2) lib/rack/methodoverride.rb:21:in `call'
  rack (1.5.2) lib/rack/runtime.rb:17:in `call'
  activesupport (4.0.2) lib/active_support/cache/strategy/local_cache.rb:83:in `call'
  rack (1.5.2) lib/rack/sendfile.rb:112:in `call'
  railties (4.0.2) lib/rails/engine.rb:511:in `call'
  railties (4.0.2) lib/rails/application.rb:97:in `call'
  rack (1.5.2) lib/rack/lock.rb:17:in `call'
  rack (1.5.2) lib/rack/content_length.rb:14:in `call'
  rack (1.5.2) lib/rack/handler/webrick.rb:60:in `service'
  /home/shane/.rvm/rubies/ruby-1.9.3-p448/lib/ruby/1.9.1/webrick/httpserver.rb:138:in `service'
  /home/shane/.rvm/rubies/ruby-1.9.3-p448/lib/ruby/1.9.1/webrick/httpserver.rb:94:in `run'
  /home/shane/.rvm/rubies/ruby-1.9.3-p448/lib/ruby/1.9.1/webrick/server.rb:191:in `block in start_thread'


